<?xml version="1.0" encoding="UTF-8"?>
<!-- Generated by org.testng.reporters.JUnitXMLReporter -->
<testsuite ignored="1" hostname="TNBVPLL00021" failures="0" tests="1" name="Surefire test" time="0.757" errors="0" timestamp="2025-03-05T18:22:45 IST">
  <testcase classname="TestScript.Shopupdate" name="loginPageExecute" time="0.649"/>
  <testcase classname="TestScript.Shopupdate" name="shopUpdateTest" time="0.0">
    <ignored/>
  </testcase> <!-- shopUpdateTest -->
</testsuite> <!-- Surefire test -->
