<?xml version="1.0" encoding="UTF-8"?>
<testng-results ignored="0" total="1" passed="1" failed="0" skipped="0">
  <reporter-output>
  </reporter-output>
  <suite started-at="2025-03-05T18:22:44 IST" name="Surefire suite" finished-at="2025-03-05T18:22:45 IST" duration-ms="757">
    <groups>
    </groups>
    <test started-at="2025-03-05T18:22:44 IST" name="Surefire test" finished-at="2025-03-05T18:22:45 IST" duration-ms="757">
      <class name="TestScript.Shopupdate">
        <test-method is-config="true" signature="start()[pri:0, instance:TestScript.Shopupdate@1e178745]" started-at="2025-03-05T18:22:32 IST" name="start" finished-at="2025-03-05T18:22:44 IST" duration-ms="11856" status="PASS">
          <reporter-output>
          </reporter-output>
        </test-method> <!-- start -->
        <test-method signature="loginPageExecute()[pri:1, instance:TestScript.Shopupdate@1e178745]" started-at="2025-03-05T18:22:44 IST" name="loginPageExecute" finished-at="2025-03-05T18:22:45 IST" duration-ms="649" status="PASS">
          <reporter-output>
          </reporter-output>
        </test-method> <!-- loginPageExecute -->
      </class> <!-- TestScript.Shopupdate -->
    </test> <!-- Surefire test -->
  </suite> <!-- Surefire suite -->
</testng-results>
